#
# A fatal error has been detected by the Java Runtime Environment:
#
#  EXCEPTION_ACCESS_VIOLATION (0xc0000005) at pc=0x0000000056f9f908, pid=18560, tid=0x000000000000378c
#
# JRE version: OpenJDK Runtime Environment (8.0_242-b01) (build 1.8.0_242-release-1644-b01)
# Java VM: OpenJDK 64-Bit Server VM (25.242-b01 mixed mode windows-amd64 compressed oops)
# Problematic frame:
# V  [jvm.dll+0xef908]
#
# Failed to write core dump. Minidumps are not enabled by default on client versions of Windows
#
# If you would like to submit a bug report, please visit:
#   
#

---------------  T H R E A D  ---------------

Current thread (0x0000000002c6c800):  GCTaskThread [stack: 0x0000000012ad0000,0x0000000012bd0000] [id=14220]

siginfo: ExceptionCode=0xc0000005, reading address 0xffffffffffffffff

Registers:
RAX=0x0000000012dd0000, RBX=0x0000000000000008, RCX=0x0000000000000000, RDX=0x0000000000000001
RSP=0x0000000012bcf430, RBP=0x0000000085187d64, RSI=0x0000000000000003, RDI=0x0000000002d40450
R8 =0x007fffffffc00000, R9 =0x0000000000000003, R10=0x000000000000000c, R11=0x000000000000033d
R12=0x0000000085187d6c, R13=0x0000000100002068, R14=0x0000000100002070, R15=0x0000000085187d28
RIP=0x0000000056f9f908, EFLAGS=0x0000000000010202

Top of Stack: (sp=0x0000000012bcf430)
0x0000000012bcf430:   0000000085187e98 0000000085187d3c
0x0000000012bcf440:   0000000000000003 0000000002d40450
0x0000000012bcf450:   0000000002c6cad0 0000000002c6cac0
0x0000000012bcf460:   0000000002c63850 0000000000000003
0x0000000012bcf470:   0000000085187d28 0000000056fa54a5
0x0000000012bcf480:   000000001869ba28 0000000002d40450
0x0000000012bcf490:   0000000019c9b370 00000000574cc4d8
0x0000000012bcf4a0:   0000000000000000 00000000572773e7
0x0000000012bcf4b0:   000001130000164c 0000000002d40450
0x0000000012bcf4c0:   0000000000000000 0000000002d40450
0x0000000012bcf4d0:   00000000848e0b30 0000000000000200
0x0000000012bcf4e0:   0000000019c9b370 000000005727482e
0x0000000012bcf4f0:   000000001031ec7f 0000000002c6c800
0x0000000012bcf500:   0000000000000000 0000000085187d28
0x0000000012bcf510:   0000000002c6c800 0000000002c63050
0x0000000012bcf520:   0000000002c6ceb0 0000000002c6cec0 

Instructions: (pc=0x0000000056f9f908)
0x0000000056f9f8e8:   05 43 f7 6d 00 49 c1 e8 03 49 d3 e8 41 0f b6 c0
0x0000000056f9f8f8:   49 c1 e8 06 24 3f 0f b6 d0 48 8b 05 58 f7 6d 00
0x0000000056f9f908:   4a 8b 0c c0 48 0f a3 d1 0f 82 59 01 00 00 0f b6
0x0000000056f9f918:   15 34 56 6d 00 84 d2 74 16 44 8b 43 08 8b 0d 8d 


Register to memory mapping:

RAX=0x0000000012dd0000 is an unknown value
RBX=0x0000000000000008 is an unknown value
RCX=0x0000000000000000 is an unknown value
RDX=0x0000000000000001 is an unknown value
RSP=0x0000000012bcf430 is an unknown value
RBP=0x0000000085187d64 is pointing into object: 0x0000000085187d28
java.lang.Class 
 - klass: 'java/lang/Class'
RSI=0x0000000000000003 is an unknown value
RDI=0x0000000002d40450 is an unknown value
R8 =0x007fffffffc00000 is an unknown value
R9 =0x0000000000000003 is an unknown value
R10=0x000000000000000c is an unknown value
R11=0x000000000000033d is an unknown value
R12=0x0000000085187d6c is pointing into object: 0x0000000085187d28
java.lang.Class 
 - klass: 'java/lang/Class'
R13=0x0000000100002068 is pointing into metadata
R14=0x0000000100002070 is pointing into metadata
R15=0x0000000085187d28 is an oop
java.lang.Class 
 - klass: 'java/lang/Class'


Stack: [0x0000000012ad0000,0x0000000012bd0000],  sp=0x0000000012bcf430,  free space=1021k
Native frames: (J=compiled Java code, j=interpreted, Vv=VM code, C=native code)
V  [jvm.dll+0xef908]
V  [jvm.dll+0xf54a5]
V  [jvm.dll+0x3c73e7]
V  [jvm.dll+0x3c482e]
V  [jvm.dll+0x27276a]
C  [msvcr100.dll+0x21d9f]
C  [msvcr100.dll+0x21e3b]
C  [KERNEL32.DLL+0x17034]
C  [ntdll.dll+0x52651]


---------------  P R O C E S S  ---------------

Java Threads: ( => current thread )
  0x000000001a7c8800 JavaThread "WorkerExecutor Queue Thread 6" [_thread_blocked, id=11456, stack(0x0000000030f30000,0x0000000031030000)]
  0x000000001a7ce800 JavaThread "pool-4-thread-1" [_thread_blocked, id=10780, stack(0x0000000030cb0000,0x0000000030db0000)]
  0x000000001a7cd000 JavaThread "WorkerExecutor Queue Thread 5" [_thread_blocked, id=22284, stack(0x0000000030bb0000,0x0000000030cb0000)]
  0x000000001a7cc000 JavaThread "WorkerExecutor Queue Thread 4" [_thread_blocked, id=11968, stack(0x0000000030ab0000,0x0000000030bb0000)]
  0x000000001a7c9000 JavaThread "WorkerExecutor Queue Thread 3" [_thread_blocked, id=1852, stack(0x00000000309b0000,0x0000000030ab0000)]
  0x000000001a7ca000 JavaThread "WorkerExecutor Queue Thread 2" [_thread_blocked, id=18996, stack(0x00000000308b0000,0x00000000309b0000)]
  0x000000001a7ca800 JavaThread "WorkerExecutor Queue" [_thread_blocked, id=21724, stack(0x0000000001090000,0x0000000001190000)]
  0x000000001b67a800 JavaThread "Cache worker for execution history cache (D:\Damian\Android\proyectoTrabajando\homeAndList\.gradle\6.5\executionHistory)" [_thread_blocked, id=1420, stack(0x0000000030130000,0x0000000030230000)]
  0x000000001c2d0800 JavaThread "Execution worker for ':' Thread 5" [_thread_blocked, id=17008, stack(0x0000000030030000,0x0000000030130000)]
  0x000000001c2d7800 JavaThread "Execution worker for ':' Thread 4" [_thread_blocked, id=16612, stack(0x000000002ff30000,0x0000000030030000)]
  0x000000001c2d2000 JavaThread "Execution worker for ':' Thread 3" [_thread_blocked, id=16836, stack(0x000000002fe30000,0x000000002ff30000)]
  0x000000001c2d6800 JavaThread "Execution worker for ':' Thread 2" [_thread_blocked, id=17840, stack(0x000000002fd30000,0x000000002fe30000)]
  0x000000001c2d6000 JavaThread "Execution worker for ':'" [_thread_blocked, id=2012, stack(0x000000002fc30000,0x000000002fd30000)]
  0x000000001c2cd800 JavaThread "Cache worker for file content cache (D:\Damian\Android\proyectoTrabajando\homeAndList\.gradle\6.5\fileContent)" [_thread_blocked, id=20800, stack(0x000000002f100000,0x000000002f200000)]
  0x000000001c2cb000 JavaThread "Cache worker for Build Output Cleanup Cache (D:\Damian\Android\proyectoTrabajando\homeAndList\.gradle\buildOutputCleanup)" [_thread_blocked, id=19120, stack(0x00000000262a0000,0x00000000263a0000)]
  0x000000001c67e000 JavaThread "Build operations Thread 6" [_thread_blocked, id=19072, stack(0x00000000261a0000,0x00000000262a0000)]
  0x000000001c67d000 JavaThread "Build operations Thread 5" [_thread_blocked, id=12700, stack(0x00000000260a0000,0x00000000261a0000)]
  0x000000001c67c000 JavaThread "Build operations Thread 4" [_thread_blocked, id=6648, stack(0x0000000025fa0000,0x00000000260a0000)]
  0x000000001c67b800 JavaThread "Build operations Thread 3" [_thread_blocked, id=22440, stack(0x0000000025ea0000,0x0000000025fa0000)]
  0x000000001c67a800 JavaThread "Build operations Thread 2" [_thread_blocked, id=19784, stack(0x0000000025da0000,0x0000000025ea0000)]
  0x000000001c67a000 JavaThread "Build operations" [_thread_blocked, id=4088, stack(0x0000000023f60000,0x0000000024060000)]
  0x000000001c672800 JavaThread "Cache worker for cache directory md-rule (C:\Users\damiank\.gradle\caches\6.5\md-rule)" [_thread_blocked, id=13616, stack(0x0000000023660000,0x0000000023760000)]
  0x000000001c679000 JavaThread "Cache worker for cache directory md-supplier (C:\Users\damiank\.gradle\caches\6.5\md-supplier)" [_thread_blocked, id=19320, stack(0x0000000023560000,0x0000000023660000)]
  0x000000001c678800 JavaThread "Cache worker for checksums cache (D:\Damian\Android\proyectoTrabajando\homeAndList\.gradle\checksums)" [_thread_blocked, id=7136, stack(0x0000000023460000,0x0000000023560000)]
  0x000000001c677800 JavaThread "Cache worker for file hash cache (D:\Damian\Android\proyectoTrabajando\homeAndList\.gradle\6.5\fileHashes)" [_thread_blocked, id=13740, stack(0x0000000020550000,0x0000000020650000)]
  0x000000001c670000 JavaThread "Thread-149" [_thread_blocked, id=2528, stack(0x000000001ddb0000,0x000000001deb0000)]
  0x000000001c676000 JavaThread "Stdin handler" [_thread_blocked, id=17928, stack(0x000000001dbb0000,0x000000001dcb0000)]
  0x000000001c677000 JavaThread "Asynchronous log dispatcher for DefaultDaemonConnection: socket connection from /127.0.0.1:50329 to /127.0.0.1:50342" [_thread_blocked, id=2236, stack(0x000000001dab0000,0x000000001dbb0000)]
  0x000000001c66e800 JavaThread "Cancel handler" [_thread_blocked, id=11384, stack(0x000000001d8b0000,0x000000001d9b0000)]
  0x000000001c675800 JavaThread "Handler for socket connection from /127.0.0.1:50329 to /127.0.0.1:50342" [_thread_in_native, id=2768, stack(0x000000001d7b0000,0x000000001d8b0000)]
  0x000000001c673000 JavaThread "Memory manager" [_thread_blocked, id=19696, stack(0x000000002cea0000,0x000000002cfa0000)]
  0x0000000021a61000 JavaThread "jar transforms Thread 113" [_thread_blocked, id=14160, stack(0x000000002bfa0000,0x000000002c0a0000)]
  0x0000000021a61800 JavaThread "jar transforms Thread 112" [_thread_blocked, id=7520, stack(0x000000002bea0000,0x000000002bfa0000)]
  0x0000000021a60000 JavaThread "jar transforms Thread 111" [_thread_blocked, id=20296, stack(0x000000002bda0000,0x000000002bea0000)]
  0x0000000021a58800 JavaThread "jar transforms Thread 110" [_thread_blocked, id=21280, stack(0x000000002bca0000,0x000000002bda0000)]
  0x0000000021a5f800 JavaThread "jar transforms Thread 109" [_thread_blocked, id=18792, stack(0x000000002bba0000,0x000000002bca0000)]
  0x0000000021a5e800 JavaThread "jar transforms Thread 108" [_thread_blocked, id=2252, stack(0x000000002baa0000,0x000000002bba0000)]
  0x0000000021a5e000 JavaThread "jar transforms Thread 107" [_thread_blocked, id=3660, stack(0x000000002b9a0000,0x000000002baa0000)]
  0x0000000021a5d000 JavaThread "jar transforms Thread 106" [_thread_blocked, id=15628, stack(0x000000002b8a0000,0x000000002b9a0000)]
  0x0000000021a55800 JavaThread "jar transforms Thread 105" [_thread_blocked, id=10172, stack(0x000000002b7a0000,0x000000002b8a0000)]
  0x0000000021a5c800 JavaThread "jar transforms Thread 104" [_thread_blocked, id=10716, stack(0x000000002b6a0000,0x000000002b7a0000)]
  0x0000000021a5b800 JavaThread "jar transforms Thread 103" [_thread_blocked, id=12832, stack(0x000000002b5a0000,0x000000002b6a0000)]
  0x0000000021a5b000 JavaThread "jar transforms Thread 102" [_thread_blocked, id=14300, stack(0x000000002b4a0000,0x000000002b5a0000)]
  0x0000000021a54000 JavaThread "jar transforms Thread 101" [_thread_blocked, id=14872, stack(0x000000002b3a0000,0x000000002b4a0000)]
  0x0000000021a56800 JavaThread "jar transforms Thread 100" [_thread_blocked, id=2380, stack(0x000000002b2a0000,0x000000002b3a0000)]
  0x0000000021a58000 JavaThread "jar transforms Thread 99" [_thread_blocked, id=10176, stack(0x000000002b1a0000,0x000000002b2a0000)]
  0x0000000021a55000 JavaThread "jar transforms Thread 98" [_thread_blocked, id=16456, stack(0x000000002b0a0000,0x000000002b1a0000)]
  0x0000000021a53800 JavaThread "jar transforms Thread 97" [_thread_blocked, id=10196, stack(0x000000002afa0000,0x000000002b0a0000)]
  0x0000000021a57000 JavaThread "jar transforms Thread 96" [_thread_blocked, id=4544, stack(0x000000002aea0000,0x000000002afa0000)]
  0x0000000021a5a000 JavaThread "jar transforms Thread 95" [_thread_blocked, id=18300, stack(0x000000002ada0000,0x000000002aea0000)]
  0x0000000021a59800 JavaThread "jar transforms Thread 94" [_thread_blocked, id=18680, stack(0x000000002aca0000,0x000000002ada0000)]
  0x0000000021a52800 JavaThread "jar transforms Thread 93" [_thread_blocked, id=17596, stack(0x000000002aba0000,0x000000002aca0000)]
  0x0000000021a38000 JavaThread "jar transforms Thread 92" [_thread_blocked, id=15856, stack(0x000000002aaa0000,0x000000002aba0000)]
  0x0000000021a37800 JavaThread "jar transforms Thread 91" [_thread_blocked, id=10580, stack(0x000000002a9a0000,0x000000002aaa0000)]
  0x0000000021a36800 JavaThread "jar transforms Thread 90" [_thread_blocked, id=596, stack(0x000000002a8a0000,0x000000002a9a0000)]
  0x0000000021a2f000 JavaThread "jar transforms Thread 89" [_thread_blocked, id=13036, stack(0x000000002a7a0000,0x000000002a8a0000)]
  0x0000000021a36000 JavaThread "jar transforms Thread 88" [_thread_blocked, id=19328, stack(0x000000002a6a0000,0x000000002a7a0000)]
  0x0000000021a35000 JavaThread "jar transforms Thread 87" [_thread_blocked, id=13512, stack(0x000000002a5a0000,0x000000002a6a0000)]
  0x0000000021a34800 JavaThread "jar transforms Thread 86" [_thread_blocked, id=10120, stack(0x000000002a4a0000,0x000000002a5a0000)]
  0x0000000021a2d000 JavaThread "jar transforms Thread 85" [_thread_blocked, id=19204, stack(0x000000002a3a0000,0x000000002a4a0000)]
  0x0000000021a33800 JavaThread "jar transforms Thread 84" [_thread_blocked, id=21412, stack(0x000000002a2a0000,0x000000002a3a0000)]
  0x0000000021a2d800 JavaThread "jar transforms Thread 83" [_thread_blocked, id=16220, stack(0x000000002a1a0000,0x000000002a2a0000)]
  0x0000000021a33000 JavaThread "jar transforms Thread 82" [_thread_blocked, id=11556, stack(0x000000002a0a0000,0x000000002a1a0000)]
  0x0000000021a31800 JavaThread "jar transforms Thread 81" [_thread_blocked, id=21576, stack(0x0000000029fa0000,0x000000002a0a0000)]
  0x0000000021a32000 JavaThread "jar transforms Thread 80" [_thread_blocked, id=19220, stack(0x0000000029ea0000,0x0000000029fa0000)]
  0x0000000021a2a000 JavaThread "jar transforms Thread 79" [_thread_blocked, id=7448, stack(0x0000000029da0000,0x0000000029ea0000)]
  0x0000000021a30800 JavaThread "jar transforms Thread 78" [_thread_blocked, id=13400, stack(0x0000000029ca0000,0x0000000029da0000)]
  0x0000000021a2e800 JavaThread "jar transforms Thread 77" [_thread_blocked, id=20208, stack(0x0000000029ba0000,0x0000000029ca0000)]
  0x0000000021a2b800 JavaThread "jar transforms Thread 76" [_thread_blocked, id=9792, stack(0x0000000029aa0000,0x0000000029ba0000)]
  0x0000000021a2a800 JavaThread "jar transforms Thread 75" [_thread_blocked, id=9540, stack(0x00000000299a0000,0x0000000029aa0000)]
  0x0000000021a30000 JavaThread "jar transforms Thread 74" [_thread_blocked, id=15924, stack(0x00000000298a0000,0x00000000299a0000)]
  0x0000000021a29000 JavaThread "jar transforms Thread 73" [_thread_blocked, id=5612, stack(0x00000000297a0000,0x00000000298a0000)]
  0x0000000021a2c000 JavaThread "jar transforms Thread 72" [_thread_blocked, id=19524, stack(0x00000000296a0000,0x00000000297a0000)]
  0x0000000024d02800 JavaThread "jar transforms Thread 71" [_thread_blocked, id=4556, stack(0x00000000295a0000,0x00000000296a0000)]
  0x0000000024d01000 JavaThread "jar transforms Thread 70" [_thread_blocked, id=13160, stack(0x00000000294a0000,0x00000000295a0000)]
  0x0000000024d02000 JavaThread "jar transforms Thread 69" [_thread_blocked, id=16536, stack(0x00000000263d0000,0x00000000264d0000)]
  0x0000000024d00800 JavaThread "jar transforms Thread 68" [_thread_blocked, id=9384, stack(0x00000000290b0000,0x00000000291b0000)]
  0x0000000024d03800 JavaThread "jar transforms Thread 67" [_thread_blocked, id=1968, stack(0x0000000028fb0000,0x00000000290b0000)]
  0x0000000024cf9000 JavaThread "jar transforms Thread 66" [_thread_blocked, id=6448, stack(0x0000000028eb0000,0x0000000028fb0000)]
  0x0000000024cfe000 JavaThread "jar transforms Thread 65" [_thread_blocked, id=14916, stack(0x0000000028db0000,0x0000000028eb0000)]
  0x0000000024cfd800 JavaThread "jar transforms Thread 64" [_thread_blocked, id=13084, stack(0x0000000028cb0000,0x0000000028db0000)]
  0x0000000024cff800 JavaThread "jar transforms Thread 63" [_thread_blocked, id=19372, stack(0x0000000028bb0000,0x0000000028cb0000)]
  0x0000000024cff000 JavaThread "jar transforms Thread 62" [_thread_blocked, id=1252, stack(0x0000000028ab0000,0x0000000028bb0000)]
  0x0000000024cfc800 JavaThread "jar transforms Thread 61" [_thread_blocked, id=12028, stack(0x00000000289b0000,0x0000000028ab0000)]
  0x0000000024cf6000 JavaThread "jar transforms Thread 60" [_thread_blocked, id=16188, stack(0x00000000288b0000,0x00000000289b0000)]
  0x0000000024cf6800 JavaThread "jar transforms Thread 59" [_thread_blocked, id=10700, stack(0x00000000287b0000,0x00000000288b0000)]
  0x0000000024cf5000 JavaThread "jar transforms Thread 58" [_thread_blocked, id=14172, stack(0x00000000286b0000,0x00000000287b0000)]
  0x0000000024cfb000 JavaThread "jar transforms Thread 57" [_thread_blocked, id=4352, stack(0x00000000285b0000,0x00000000286b0000)]
  0x0000000024cf8000 JavaThread "jar transforms Thread 56" [_thread_blocked, id=18204, stack(0x00000000284b0000,0x00000000285b0000)]
  0x0000000024cfc000 JavaThread "jar transforms Thread 55" [_thread_blocked, id=15292, stack(0x00000000283b0000,0x00000000284b0000)]
  0x0000000024cf9800 JavaThread "jar transforms Thread 54" [_thread_blocked, id=14532, stack(0x00000000282b0000,0x00000000283b0000)]
  0x0000000024cf4800 JavaThread "jar transforms Thread 53" [_thread_blocked, id=4284, stack(0x00000000281b0000,0x00000000282b0000)]
  0x0000000024cf7800 JavaThread "jar transforms Thread 52" [_thread_blocked, id=12172, stack(0x00000000280b0000,0x00000000281b0000)]
  0x0000000024cfa800 JavaThread "jar transforms Thread 51" [_thread_blocked, id=19792, stack(0x0000000027fb0000,0x00000000280b0000)]
  0x0000000024b3d000 JavaThread "jar transforms Thread 50" [_thread_blocked, id=20772, stack(0x0000000027eb0000,0x0000000027fb0000)]
  0x0000000024b3c800 JavaThread "jar transforms Thread 49" [_thread_blocked, id=20984, stack(0x0000000027db0000,0x0000000027eb0000)]
  0x0000000024b3b800 JavaThread "jar transforms Thread 48" [_thread_blocked, id=20492, stack(0x0000000027cb0000,0x0000000027db0000)]
  0x0000000024b39800 JavaThread "jar transforms Thread 47" [_thread_blocked, id=15544, stack(0x0000000027bb0000,0x0000000027cb0000)]
  0x0000000024b3f800 JavaThread "jar transforms Thread 46" [_thread_blocked, id=22052, stack(0x0000000027ab0000,0x0000000027bb0000)]
  0x0000000024b3b000 JavaThread "jar transforms Thread 45" [_thread_blocked, id=11196, stack(0x00000000279b0000,0x0000000027ab0000)]
  0x0000000024b3e800 JavaThread "jar transforms Thread 44" [_thread_blocked, id=3460, stack(0x00000000278b0000,0x00000000279b0000)]
  0x0000000024b3a000 JavaThread "jar transforms Thread 43" [_thread_blocked, id=4160, stack(0x00000000277b0000,0x00000000278b0000)]
  0x0000000024b3e000 JavaThread "jar transforms Thread 42" [_thread_blocked, id=10004, stack(0x00000000276b0000,0x00000000277b0000)]
  0x0000000024b40000 JavaThread "jar transforms Thread 41" [_thread_blocked, id=20944, stack(0x00000000275b0000,0x00000000276b0000)]
  0x0000000024b32000 JavaThread "jar transforms Thread 40" [_thread_blocked, id=7560, stack(0x00000000274b0000,0x00000000275b0000)]
  0x0000000024b35000 JavaThread "jar transforms Thread 39" [_thread_blocked, id=6672, stack(0x00000000273b0000,0x00000000274b0000)]
  0x0000000024b38800 JavaThread "jar transforms Thread 38" [_thread_blocked, id=15972, stack(0x00000000272b0000,0x00000000273b0000)]
  0x0000000024b37000 JavaThread "jar transforms Thread 37" [_thread_blocked, id=10452, stack(0x00000000271b0000,0x00000000272b0000)]
  0x0000000024b32800 JavaThread "jar transforms Thread 36" [_thread_blocked, id=7120, stack(0x00000000270b0000,0x00000000271b0000)]
  0x0000000024b35800 JavaThread "jar transforms Thread 35" [_thread_blocked, id=12456, stack(0x0000000026fb0000,0x00000000270b0000)]
  0x0000000024b31000 JavaThread "jar transforms Thread 34" [_thread_blocked, id=8116, stack(0x0000000026eb0000,0x0000000026fb0000)]
  0x0000000024b34000 JavaThread "jar transforms Thread 33" [_thread_blocked, id=16540, stack(0x0000000026db0000,0x0000000026eb0000)]
  0x0000000024b33800 JavaThread "jar transforms Thread 32" [_thread_blocked, id=4820, stack(0x0000000026cb0000,0x0000000026db0000)]
  0x0000000024b36800 JavaThread "jar transforms Thread 31" [_thread_blocked, id=11464, stack(0x0000000026bb0000,0x0000000026cb0000)]
  0x0000000024b38000 JavaThread "jar transforms Thread 30" [_thread_blocked, id=11160, stack(0x0000000026ab0000,0x0000000026bb0000)]
  0x000000001c2d5000 JavaThread "jar transforms Thread 29" [_thread_blocked, id=13556, stack(0x00000000269b0000,0x0000000026ab0000)]
  0x000000001c2d4000 JavaThread "jar transforms Thread 28" [_thread_blocked, id=12344, stack(0x00000000268b0000,0x00000000269b0000)]
  0x000000001c2d3800 JavaThread "jar transforms Thread 27" [_thread_blocked, id=19640, stack(0x00000000267b0000,0x00000000268b0000)]
  0x000000001c2d8000 JavaThread "jar transforms Thread 26" [_thread_blocked, id=14324, stack(0x0000000025ca0000,0x0000000025da0000)]
  0x000000001c2c9800 JavaThread "Cache worker for file content cache (C:\Users\damiank\.gradle\caches\6.5\fileContent)" [_thread_blocked, id=21344, stack(0x0000000023e60000,0x0000000023f60000)]
  0x000000001c2cc000 JavaThread "Cache worker for execution history cache (C:\Users\damiank\.gradle\caches\6.5\executionHistory)" [_thread_blocked, id=20884, stack(0x0000000023960000,0x0000000023a60000)]
  0x000000001b680000 JavaThread "jar transforms Thread 25" [_thread_blocked, id=2156, stack(0x0000000023160000,0x0000000023260000)]
  0x000000001b67e800 JavaThread "jar transforms Thread 24" [_thread_blocked, id=15940, stack(0x0000000023060000,0x0000000023160000)]
  0x000000001b67a000 JavaThread "jar transforms Thread 23" [_thread_blocked, id=1268, stack(0x0000000022f60000,0x0000000023060000)]
  0x000000001b67b800 JavaThread "jar transforms Thread 22" [_thread_blocked, id=15668, stack(0x0000000022e60000,0x0000000022f60000)]
  0x000000001b67d800 JavaThread "jar transforms Thread 21" [_thread_blocked, id=14152, stack(0x0000000022d60000,0x0000000022e60000)]
  0x000000001b67f000 JavaThread "jar transforms Thread 20" [_thread_blocked, id=12176, stack(0x0000000022c60000,0x0000000022d60000)]
  0x000000001b672800 JavaThread "jar transforms Thread 19" [_thread_blocked, id=12376, stack(0x0000000022b60000,0x0000000022c60000)]
  0x000000001b679000 JavaThread "jar transforms Thread 18" [_thread_blocked, id=1164, stack(0x0000000022a60000,0x0000000022b60000)]
  0x000000001b678800 JavaThread "jar transforms Thread 17" [_thread_blocked, id=11600, stack(0x0000000022960000,0x0000000022a60000)]
  0x000000001b671000 JavaThread "jar transforms Thread 16" [_thread_blocked, id=11752, stack(0x0000000022860000,0x0000000022960000)]
  0x000000001b671800 JavaThread "jar transforms Thread 15" [_thread_blocked, id=15016, stack(0x0000000022760000,0x0000000022860000)]
  0x000000001b677800 JavaThread "jar transforms Thread 14" [_thread_blocked, id=4108, stack(0x0000000022660000,0x0000000022760000)]
  0x000000001b675800 JavaThread "jar transforms Thread 13" [_thread_blocked, id=3176, stack(0x0000000022560000,0x0000000022660000)]
  0x000000001b677000 JavaThread "jar transforms Thread 12" [_thread_blocked, id=5576, stack(0x0000000022460000,0x0000000022560000)]
  0x000000001b674800 JavaThread "jar transforms Thread 11" [_thread_blocked, id=16520, stack(0x0000000022360000,0x0000000022460000)]
  0x000000001b674000 JavaThread "jar transforms Thread 10" [_thread_blocked, id=21216, stack(0x0000000022260000,0x0000000022360000)]
  0x000000001b676000 JavaThread "jar transforms Thread 9" [_thread_blocked, id=32, stack(0x0000000022160000,0x0000000022260000)]
  0x000000001b673000 JavaThread "jar transforms Thread 8" [_thread_blocked, id=4708, stack(0x0000000022060000,0x0000000022160000)]
  0x000000001a4d4000 JavaThread "jar transforms Thread 7" [_thread_blocked, id=1920, stack(0x0000000021c90000,0x0000000021d90000)]
  0x000000001a4d3800 JavaThread "jar transforms Thread 6" [_thread_blocked, id=15420, stack(0x0000000020b50000,0x0000000020c50000)]
  0x000000001a4d1000 JavaThread "jar transforms Thread 5" [_thread_blocked, id=9872, stack(0x0000000020a50000,0x0000000020b50000)]
  0x000000001a4d2800 JavaThread "jar transforms Thread 4" [_thread_blocked, id=19584, stack(0x0000000020950000,0x0000000020a50000)]
  0x000000001a4d0000 JavaThread "jar transforms Thread 3" [_thread_blocked, id=9236, stack(0x0000000020850000,0x0000000020950000)]
  0x000000001a4cf800 JavaThread "jar transforms Thread 2" [_thread_blocked, id=19528, stack(0x0000000020750000,0x0000000020850000)]
  0x000000001a4ce800 JavaThread "jar transforms" [_thread_blocked, id=21544, stack(0x0000000020650000,0x0000000020750000)]
  0x000000001a4d1800 JavaThread "Cache worker for file hash cache (C:\Users\damiank\.gradle\caches\6.5\fileHashes)" [_thread_blocked, id=14408, stack(0x000000001f280000,0x000000001f380000)]
  0x000000001a4cd000 JavaThread "File lock request listener" [_thread_in_native, id=7856, stack(0x000000001e1b0000,0x000000001e2b0000)]
  0x000000001be6e800 JavaThread "Cache worker for journal cache (C:\Users\damiank\.gradle\caches\journal-1)" [_thread_blocked, id=21512, stack(0x000000001e0b0000,0x000000001e1b0000)]
  0x000000001bcf7000 JavaThread "Daemon worker" [_thread_blocked, id=13376, stack(0x000000001d9b0000,0x000000001dab0000)]
  0x000000001bc60800 JavaThread "Daemon" [_thread_blocked, id=7820, stack(0x000000001d6b0000,0x000000001d7b0000)]
  0x000000001bca4800 JavaThread "Daemon periodic checks" [_thread_blocked, id=2164, stack(0x000000001d3b0000,0x000000001d4b0000)]
  0x000000001bc7c800 JavaThread "Incoming local TCP Connector on port 50329" [_thread_in_native, id=2876, stack(0x000000001d140000,0x000000001d240000)]
  0x000000001bb73000 JavaThread "Daemon health stats" [_thread_blocked, id=11324, stack(0x000000001cb00000,0x000000001cc00000)]
  0x0000000017bce000 JavaThread "Service Thread" daemon [_thread_blocked, id=18416, stack(0x0000000019f60000,0x000000001a060000)]
  0x0000000017bc5800 JavaThread "C1 CompilerThread2" daemon [_thread_blocked, id=14104, stack(0x0000000019a60000,0x0000000019b60000)]
  0x0000000017bc3800 JavaThread "C2 CompilerThread1" daemon [_thread_blocked, id=20256, stack(0x0000000019960000,0x0000000019a60000)]
  0x0000000017bbd000 JavaThread "C2 CompilerThread0" daemon [_thread_blocked, id=3452, stack(0x0000000019860000,0x0000000019960000)]
  0x0000000017bba000 JavaThread "Attach Listener" daemon [_thread_blocked, id=12436, stack(0x0000000019760000,0x0000000019860000)]
  0x0000000017bb7800 JavaThread "Signal Dispatcher" daemon [_thread_blocked, id=4184, stack(0x0000000019660000,0x0000000019760000)]
  0x0000000002d4d800 JavaThread "Finalizer" daemon [_thread_blocked, id=11200, stack(0x0000000019440000,0x0000000019540000)]
  0x0000000017b9b800 JavaThread "Reference Handler" daemon [_thread_blocked, id=2580, stack(0x0000000019340000,0x0000000019440000)]
  0x0000000002c52800 JavaThread "main" [_thread_blocked, id=16908, stack(0x0000000002b50000,0x0000000002c50000)]

Other Threads:
  0x0000000017b77800 VMThread [stack: 0x0000000019240000,0x0000000019340000] [id=18248]
  0x0000000019bda000 WatcherThread [stack: 0x000000001a060000,0x000000001a160000] [id=16552]

=>0x0000000002c6c800 (exited) GCTaskThread [stack: 0x0000000012ad0000,0x0000000012bd0000] [id=14220]

VM state:at safepoint (normal execution)

VM Mutex/Monitor currently owned by a thread:  ([mutex/lock_event])
[0x0000000000e5d9d0] Threads_lock - owner thread: 0x0000000017b77800
[0x0000000000e5d950] Heap_lock - owner thread: 0x000000001c2d6000

heap address: 0x0000000080000000, size: 2048 MB, Compressed Oops mode: 32-bit
Narrow klass base: 0x0000000000000000, Narrow klass shift: 3
Compressed class space size: 1073741824 Address: 0x0000000100000000

Heap:
 PSYoungGen      total 485376K, used 11423K [0x00000000d5580000, 0x00000000f6280000, 0x0000000100000000)
  eden space 440832K, 0% used [0x00000000d5580000,0x00000000d5580000,0x00000000f0400000)
  from space 44544K, 25% used [0x00000000f2e80000,0x00000000f39a7c18,0x00000000f5a00000)
  to   space 43520K, 0% used [0x00000000f0400000,0x00000000f0400000,0x00000000f2e80000)
 ParOldGen       total 214528K, used 88328K [0x0000000080000000, 0x000000008d180000, 0x00000000d5580000)
  object space 214528K, 41% used [0x0000000080000000,0x0000000085642368,0x000000008d180000)
 Metaspace       used 93353K, capacity 98362K, committed 98496K, reserved 1134592K
  class space    used 12342K, capacity 13323K, committed 13440K, reserved 1048576K

Card table byte_map: [0x0000000012110000,0x0000000012520000] byte_map_base: 0x0000000011d10000

Marking Bits: (ParMarkBitMap*) 0x000000005767f030
 Begin Bits: [0x0000000012dd0000, 0x0000000014dd0000)
 End Bits:   [0x0000000014dd0000, 0x0000000016dd0000)

Polling page: 0x0000000000e70000

CodeCache: size=245760Kb used=37418Kb max_used=38068Kb free=208341Kb
 bounds [0x0000000002d50000, 0x00000000052b0000, 0x0000000011d50000]
 total_blobs=12354 nmethods=11488 adapters=778
 compilation: enabled

Compilation events (10 events):
Event: 30.291 Thread 0x0000000017bc5800 nmethod 13523 0x0000000003171c10 code [0x0000000003171f80, 0x0000000003173f58]
Event: 30.292 Thread 0x0000000017bc5800 13524       3       java.io.ObjectInputStream::defaultReadFields (201 bytes)
Event: 30.292 Thread 0x0000000017bc5800 nmethod 13524 0x0000000003d3a990 code [0x0000000003d3abc0, 0x0000000003d3b788]
Event: 30.293 Thread 0x0000000017bc5800 13514       2       java.io.ObjectStreamClass::getField (84 bytes)
Event: 30.294 Thread 0x0000000017bc5800 nmethod 13514 0x0000000003d33d50 code [0x0000000003d33f00, 0x0000000003d34318]
Event: 30.294 Thread 0x0000000017bc5800 13516   !   2       java.util.ArrayList::batchRemove (255 bytes)
Event: 30.295 Thread 0x0000000017bc5800 nmethod 13516 0x0000000003c74d50 code [0x0000000003c74f00, 0x0000000003c755e8]
Event: 30.295 Thread 0x0000000017bc5800 13507       2       java.io.ObjectInputStream::readString (117 bytes)
Event: 30.296 Thread 0x0000000017bc5800 nmethod 13507 0x00000000048ecb90 code [0x00000000048ecde0, 0x00000000048ed638]
Event: 30.297 Thread 0x0000000017bc5800 13526   !   2       java.io.ObjectStreamClass::invokeReadObject (93 bytes)

GC Heap History (10 events):
Event: 5.820 GC heap after
Heap after GC invocations=11 (full 3):
 PSYoungGen      total 342528K, used 0K [0x00000000d5580000, 0x00000000ec180000, 0x0000000100000000)
  eden space 324608K, 0% used [0x00000000d5580000,0x00000000d5580000,0x00000000e9280000)
  from space 17920K, 0% used [0x00000000ea980000,0x00000000ea980000,0x00000000ebb00000)
  to   space 23552K, 0% used [0x00000000e9280000,0x00000000e9280000,0x00000000ea980000)
 ParOldGen       total 214528K, used 37830K [0x0000000080000000, 0x000000008d180000, 0x00000000d5580000)
  object space 214528K, 17% used [0x0000000080000000,0x00000000824f1a38,0x000000008d180000)
 Metaspace       used 56563K, capacity 58760K, committed 59096K, reserved 1099776K
  class space    used 7408K, capacity 7862K, committed 7936K, reserved 1048576K
}
Event: 8.252 GC heap before
{Heap before GC invocations=12 (full 3):
 PSYoungGen      total 342528K, used 324608K [0x00000000d5580000, 0x00000000ec180000, 0x0000000100000000)
  eden space 324608K, 100% used [0x00000000d5580000,0x00000000e9280000,0x00000000e9280000)
  from space 17920K, 0% used [0x00000000ea980000,0x00000000ea980000,0x00000000ebb00000)
  to   space 23552K, 0% used [0x00000000e9280000,0x00000000e9280000,0x00000000ea980000)
 ParOldGen       total 214528K, used 37830K [0x0000000080000000, 0x000000008d180000, 0x00000000d5580000)
  object space 214528K, 17% used [0x0000000080000000,0x00000000824f1a38,0x000000008d180000)
 Metaspace       used 73058K, capacity 76724K, committed 76888K, reserved 1116160K
  class space    used 9895K, capacity 10584K, committed 10624K, reserved 1048576K
Event: 8.274 GC heap after
Heap after GC invocations=12 (full 3):
 PSYoungGen      total 348160K, used 23546K [0x00000000d5580000, 0x00000000f0a80000, 0x0000000100000000)
  eden space 324608K, 0% used [0x00000000d5580000,0x00000000d5580000,0x00000000e9280000)
  from space 23552K, 99% used [0x00000000e9280000,0x00000000ea97e8e0,0x00000000ea980000)
  to   space 29696K, 0% used [0x00000000eed80000,0x00000000eed80000,0x00000000f0a80000)
 ParOldGen       total 214528K, used 44269K [0x0000000080000000, 0x000000008d180000, 0x00000000d5580000)
  object space 214528K, 20% used [0x0000000080000000,0x0000000082b3b520,0x000000008d180000)
 Metaspace       used 73058K, capacity 76724K, committed 76888K, reserved 1116160K
  class space    used 9895K, capacity 10584K, committed 10624K, reserved 1048576K
}
Event: 10.369 GC heap before
{Heap before GC invocations=13 (full 3):
 PSYoungGen      total 348160K, used 348154K [0x00000000d5580000, 0x00000000f0a80000, 0x0000000100000000)
  eden space 324608K, 100% used [0x00000000d5580000,0x00000000e9280000,0x00000000e9280000)
  from space 23552K, 99% used [0x00000000e9280000,0x00000000ea97e8e0,0x00000000ea980000)
  to   space 29696K, 0% used [0x00000000eed80000,0x00000000eed80000,0x00000000f0a80000)
 ParOldGen       total 214528K, used 44269K [0x0000000080000000, 0x000000008d180000, 0x00000000d5580000)
  object space 214528K, 20% used [0x0000000080000000,0x0000000082b3b520,0x000000008d180000)
 Metaspace       used 87337K, capacity 91902K, committed 92120K, reserved 1128448K
  class space    used 11805K, capacity 12699K, committed 12800K, reserved 1048576K
Event: 10.401 GC heap after
Heap after GC invocations=13 (full 3):
 PSYoungGen      total 408064K, used 29683K [0x00000000d5580000, 0x00000000f1d00000, 0x0000000100000000)
  eden space 378368K, 0% used [0x00000000d5580000,0x00000000d5580000,0x00000000ec700000)
  from space 29696K, 99% used [0x00000000eed80000,0x00000000f0a7cd98,0x00000000f0a80000)
  to   space 39424K, 0% used [0x00000000ec700000,0x00000000ec700000,0x00000000eed80000)
 ParOldGen       total 214528K, used 59466K [0x0000000080000000, 0x000000008d180000, 0x00000000d5580000)
  object space 214528K, 27% used [0x0000000080000000,0x0000000083a12a88,0x000000008d180000)
 Metaspace       used 87337K, capacity 91902K, committed 92120K, reserved 1128448K
  class space    used 11805K, capacity 12699K, committed 12800K, reserved 1048576K
}
Event: 29.597 GC heap before
{Heap before GC invocations=14 (full 3):
 PSYoungGen      total 408064K, used 408051K [0x00000000d5580000, 0x00000000f1d00000, 0x0000000100000000)
  eden space 378368K, 100% used [0x00000000d5580000,0x00000000ec700000,0x00000000ec700000)
  from space 29696K, 99% used [0x00000000eed80000,0x00000000f0a7cd98,0x00000000f0a80000)
  to   space 39424K, 0% used [0x00000000ec700000,0x00000000ec700000,0x00000000eed80000)
 ParOldGen       total 214528K, used 59466K [0x0000000080000000, 0x000000008d180000, 0x00000000d5580000)
  object space 214528K, 27% used [0x0000000080000000,0x0000000083a12a88,0x000000008d180000)
 Metaspace       used 92898K, capacity 97766K, committed 98008K, reserved 1134592K
  class space    used 12286K, capacity 13207K, committed 13312K, reserved 1048576K
Event: 29.636 GC heap after
Heap after GC invocations=14 (full 3):
 PSYoungGen      total 417792K, used 37555K [0x00000000d5580000, 0x00000000f5a00000, 0x0000000100000000)
  eden space 378368K, 0% used [0x00000000d5580000,0x00000000d5580000,0x00000000ec700000)
  from space 39424K, 95% used [0x00000000ec700000,0x00000000eebacf40,0x00000000eed80000)
  to   space 44544K, 0% used [0x00000000f2e80000,0x00000000f2e80000,0x00000000f5a00000)
 ParOldGen       total 214528K, used 88320K [0x0000000080000000, 0x000000008d180000, 0x00000000d5580000)
  object space 214528K, 41% used [0x0000000080000000,0x0000000085640368,0x000000008d180000)
 Metaspace       used 92898K, capacity 97766K, committed 98008K, reserved 1134592K
  class space    used 12286K, capacity 13207K, committed 13312K, reserved 1048576K
}
Event: 30.298 GC heap before
{Heap before GC invocations=15 (full 3):
 PSYoungGen      total 417792K, used 109258K [0x00000000d5580000, 0x00000000f5a00000, 0x0000000100000000)
  eden space 378368K, 18% used [0x00000000d5580000,0x00000000d9b85cb8,0x00000000ec700000)
  from space 39424K, 95% used [0x00000000ec700000,0x00000000eebacf40,0x00000000eed80000)
  to   space 44544K, 0% used [0x00000000f2e80000,0x00000000f2e80000,0x00000000f5a00000)
 ParOldGen       total 214528K, used 88320K [0x0000000080000000, 0x000000008d180000, 0x00000000d5580000)
  object space 214528K, 41% used [0x0000000080000000,0x0000000085640368,0x000000008d180000)
 Metaspace       used 93353K, capacity 98362K, committed 98496K, reserved 1134592K
  class space    used 12342K, capacity 13323K, committed 13440K, reserved 1048576K
Event: 30.314 GC heap after
Heap after GC invocations=15 (full 3):
 PSYoungGen      total 485376K, used 11423K [0x00000000d5580000, 0x00000000f6280000, 0x0000000100000000)
  eden space 440832K, 0% used [0x00000000d5580000,0x00000000d5580000,0x00000000f0400000)
  from space 44544K, 25% used [0x00000000f2e80000,0x00000000f39a7c18,0x00000000f5a00000)
  to   space 43520K, 0% used [0x00000000f0400000,0x00000000f0400000,0x00000000f2e80000)
 ParOldGen       total 214528K, used 88328K [0x0000000080000000, 0x000000008d180000, 0x00000000d5580000)
  object space 214528K, 41% used [0x0000000080000000,0x0000000085642368,0x000000008d180000)
 Metaspace       used 93353K, capacity 98362K, committed 98496K, reserved 1134592K
  class space    used 12342K, capacity 13323K, committed 13440K, reserved 1048576K
}
Event: 30.314 GC heap before
{Heap before GC invocations=16 (full 4):
 PSYoungGen      total 485376K, used 11423K [0x00000000d5580000, 0x00000000f6280000, 0x0000000100000000)
  eden space 440832K, 0% used [0x00000000d5580000,0x00000000d5580000,0x00000000f0400000)
  from space 44544K, 25% used [0x00000000f2e80000,0x00000000f39a7c18,0x00000000f5a00000)
  to   space 43520K, 0% used [0x00000000f0400000,0x00000000f0400000,0x00000000f2e80000)
 ParOldGen       total 214528K, used 88328K [0x0000000080000000, 0x000000008d180000, 0x00000000d5580000)
  object space 214528K, 41% used [0x0000000080000000,0x0000000085642368,0x000000008d180000)
 Metaspace       used 93353K, capacity 98362K, committed 98496K, reserved 1134592K
  class space    used 12342K, capacity 13323K, committed 13440K, reserved 1048576K

Deoptimization events (10 events):
Event: 30.120 Thread 0x000000001c2d6000 Uncommon trap: reason=class_check action=maybe_recompile pc=0x000000000437a584 method=com.sun.org.apache.xerces.internal.dom.AttrImpl.getOwnerElement()Lorg/w3c/dom/Element; @ 15
Event: 30.121 Thread 0x000000001c2d6000 Uncommon trap: reason=class_check action=maybe_recompile pc=0x000000000437a584 method=com.sun.org.apache.xerces.internal.dom.AttrImpl.getOwnerElement()Lorg/w3c/dom/Element; @ 15
Event: 30.121 Thread 0x000000001c2d6000 Uncommon trap: reason=class_check action=maybe_recompile pc=0x000000000437a584 method=com.sun.org.apache.xerces.internal.dom.AttrImpl.getOwnerElement()Lorg/w3c/dom/Element; @ 15
Event: 30.121 Thread 0x000000001c2d6000 Uncommon trap: reason=class_check action=maybe_recompile pc=0x000000000437a584 method=com.sun.org.apache.xerces.internal.dom.AttrImpl.getOwnerElement()Lorg/w3c/dom/Element; @ 15
Event: 30.127 Thread 0x000000001c2d6000 Uncommon trap: reason=unstable_if action=reinterpret pc=0x0000000005265b8c method=com.android.utils.XmlUtils.toXmlAttributeValue(Ljava/lang/String;)Ljava/lang/String; @ 33
Event: 30.127 Thread 0x000000001c2d6000 Uncommon trap: reason=unstable_if action=reinterpret pc=0x00000000043e3b78 method=com.android.utils.XmlUtils.toXmlAttributeValue(Ljava/lang/String;)Ljava/lang/String; @ 33
Event: 30.152 Thread 0x000000001c2d6000 Uncommon trap: reason=unstable_if action=reinterpret pc=0x0000000005262234 method=com.android.utils.XmlUtils.append(Lcom/android/utils/XmlUtils$PositionAwareStringBuilder;Lorg/w3c/dom/Node;Ljava/util/Map;Ljava/util/Set;)V @ 540
Event: 30.253 Thread 0x000000001a7ca000 Uncommon trap: reason=unstable_if action=reinterpret pc=0x0000000004d66694 method=org.gradle.internal.operations.BuildOperationDescriptor$Builder.build(Lorg/gradle/internal/operations/OperationIdentifier;Lorg/gradle/internal/operations/OperationIdentifier
Event: 30.253 Thread 0x000000001a7ca800 Uncommon trap: reason=unstable_if action=reinterpret pc=0x0000000004d66694 method=org.gradle.internal.operations.BuildOperationDescriptor$Builder.build(Lorg/gradle/internal/operations/OperationIdentifier;Lorg/gradle/internal/operations/OperationIdentifier
Event: 30.268 Thread 0x000000001a7cc000 Uncommon trap: reason=unstable_if action=reinterpret pc=0x0000000004d63600 method=org.gradle.internal.operations.BuildOperationDescriptor$Builder.build(Lorg/gradle/internal/operations/OperationIdentifier;Lorg/gradle/internal/operations/OperationIdentifier

Classes redefined (0 events):
No events

Internal exceptions (10 events):
Event: 29.464 Thread 0x000000001c2d6000 Exception <a 'java/lang/NoSuchMethodError': java.lang.Object.lambda$codePoints$1()Ljava/util/Spliterator$OfInt;> (0x00000000eb416d78) thrown at [C:\src\AOSP-openjdk-git\hotspot\src\share\vm\interpreter\linkResolver.cpp, line 620]
Event: 29.475 Thread 0x000000001c2d6000 Implicit null exception at 0x0000000005149036 to 0x0000000005149b97
Event: 29.494 Thread 0x000000001c2d6000 Implicit null exception at 0x00000000050687d3 to 0x0000000005068c54
Event: 29.542 Thread 0x000000001c2d6000 Implicit null exception at 0x0000000004be5232 to 0x0000000004be5a15
Event: 29.594 Thread 0x000000001c2d6000 Implicit null exception at 0x000000000520f8c7 to 0x0000000005211c99
Event: 30.152 Thread 0x000000001c2d6000 Implicit null exception at 0x00000000052639bc to 0x0000000005262221
Event: 30.244 Thread 0x000000001c2d6000 Exception <a 'java/lang/NoSuchMethodError': <clinit>> (0x00000000d8db5498) thrown at [C:\src\AOSP-openjdk-git\hotspot\src\share\vm\prims\jni.cpp, line 1615]
Event: 30.244 Thread 0x000000001c2d6000 Exception <a 'java/lang/NoSuchMethodError': <clinit>> (0x00000000d8dc5d80) thrown at [C:\src\AOSP-openjdk-git\hotspot\src\share\vm\prims\jni.cpp, line 1615]
Event: 30.245 Thread 0x000000001c2d6000 Exception <a 'java/lang/NoSuchMethodError': <clinit>> (0x00000000d8dd61a0) thrown at [C:\src\AOSP-openjdk-git\hotspot\src\share\vm\prims\jni.cpp, line 1615]
Event: 30.245 Thread 0x000000001c2d6000 Exception <a 'java/lang/NoSuchMethodError': <clinit>> (0x00000000d8de99c0) thrown at [C:\src\AOSP-openjdk-git\hotspot\src\share\vm\prims\jni.cpp, line 1615]

Events (10 events):
Event: 30.297 Thread 0x0000000017bc5800 flushing nmethod 0x0000000004e13d10
Event: 30.297 Thread 0x0000000017bc5800 flushing nmethod 0x0000000004e14290
Event: 30.297 Thread 0x0000000017bc5800 flushing nmethod 0x0000000004e14610
Event: 30.297 Thread 0x0000000017bc5800 flushing nmethod 0x0000000004e19a50
Event: 30.297 Thread 0x0000000017bc5800 flushing nmethod 0x0000000004e19d50
Event: 30.297 Thread 0x0000000017bc5800 flushing nmethod 0x0000000004e1b010
Event: 30.297 Thread 0x0000000017bc5800 flushing nmethod 0x0000000004e1b590
Event: 30.297 Thread 0x0000000017bc5800 flushing nmethod 0x0000000004e1bc10
Event: 30.297 Thread 0x0000000017bc5800 flushing nmethod 0x0000000004e20050
Event: 30.297 Executing VM operation: CollectForMetadataAllocation


Dynamic libraries:
0x00007ff7507f0000 - 0x00007ff750821000 	C:\Program Files\Android\Android Studio\jre\bin\java.exe
0x00007ff9a6b10000 - 0x00007ff9a6d05000 	C:\Windows\SYSTEM32\ntdll.dll
0x00007ff97ca50000 - 0x00007ff97ca62000 	C:\Program Files\AVG\Antivirus\aswhook.dll
0x00007ff9a5620000 - 0x00007ff9a56dd000 	C:\Windows\System32\KERNEL32.DLL
0x00007ff9a4550000 - 0x00007ff9a4819000 	C:\Windows\System32\KERNELBASE.dll
0x00007ff9a58c0000 - 0x00007ff9a596c000 	C:\Windows\System32\ADVAPI32.dll
0x00007ff9a56e0000 - 0x00007ff9a577e000 	C:\Windows\System32\msvcrt.dll
0x00007ff9a6a30000 - 0x00007ff9a6acc000 	C:\Windows\System32\sechost.dll
0x00007ff9a5790000 - 0x00007ff9a58bb000 	C:\Windows\System32\RPCRT4.dll
0x00007ff9a6750000 - 0x00007ff9a68f0000 	C:\Windows\System32\USER32.dll
0x00007ff9a48d0000 - 0x00007ff9a48f2000 	C:\Windows\System32\win32u.dll
0x00007ff9a5f40000 - 0x00007ff9a5f6a000 	C:\Windows\System32\GDI32.dll
0x00007ff9a4a60000 - 0x00007ff9a4b6b000 	C:\Windows\System32\gdi32full.dll
0x00007ff9a44b0000 - 0x00007ff9a454d000 	C:\Windows\System32\msvcp_win.dll
0x00007ff9a4250000 - 0x00007ff9a4350000 	C:\Windows\System32\ucrtbase.dll
0x00007ff987480000 - 0x00007ff98771a000 	C:\Windows\WinSxS\amd64_microsoft.windows.common-controls_6595b64144ccf1df_6.0.19041.844_none_ca00b6081b84eb1d\COMCTL32.dll
0x00007ff9a52d0000 - 0x00007ff9a5300000 	C:\Windows\System32\IMM32.DLL
0x0000000056cf0000 - 0x0000000056dc2000 	C:\Program Files\Android\Android Studio\jre\jre\bin\msvcr100.dll
0x0000000056eb0000 - 0x00000000576fb000 	C:\Program Files\Android\Android Studio\jre\jre\bin\server\jvm.dll
0x00007ff9a5080000 - 0x00007ff9a5088000 	C:\Windows\System32\PSAPI.DLL
0x00007ff99b2b0000 - 0x00007ff99b2b9000 	C:\Windows\SYSTEM32\WSOCK32.dll
0x00007ff99d450000 - 0x00007ff99d45a000 	C:\Windows\SYSTEM32\VERSION.dll
0x00007ff996f80000 - 0x00007ff996fa7000 	C:\Windows\SYSTEM32\WINMM.dll
0x00007ff9a55b0000 - 0x00007ff9a561b000 	C:\Windows\System32\WS2_32.dll
0x00007ff9a1b80000 - 0x00007ff9a1b8f000 	C:\Program Files\Android\Android Studio\jre\jre\bin\verify.dll
0x00007ff97e8a0000 - 0x00007ff97e8c9000 	C:\Program Files\Android\Android Studio\jre\jre\bin\java.dll
0x00007ff99fdc0000 - 0x00007ff99fdd6000 	C:\Program Files\Android\Android Studio\jre\jre\bin\zip.dll
0x00007ff9a6000000 - 0x00007ff9a6742000 	C:\Windows\System32\SHELL32.dll
0x00007ff9a23d0000 - 0x00007ff9a2b60000 	C:\Windows\SYSTEM32\windows.storage.dll
0x00007ff9a4d20000 - 0x00007ff9a5075000 	C:\Windows\System32\combase.dll
0x00007ff9a3cc0000 - 0x00007ff9a3cec000 	C:\Windows\SYSTEM32\Wldp.dll
0x00007ff9a5090000 - 0x00007ff9a513e000 	C:\Windows\System32\SHCORE.dll
0x00007ff9a5420000 - 0x00007ff9a5475000 	C:\Windows\System32\shlwapi.dll
0x00007ff9a4190000 - 0x00007ff9a41af000 	C:\Windows\SYSTEM32\profapi.dll
0x00007ff9908a0000 - 0x00007ff9908ba000 	C:\Program Files\Android\Android Studio\jre\jre\bin\net.dll
0x00007ff9a3970000 - 0x00007ff9a39da000 	C:\Windows\system32\mswsock.dll
0x00007ff98f640000 - 0x00007ff98f653000 	C:\Program Files\Android\Android Studio\jre\jre\bin\nio.dll
0x00007ff99fde0000 - 0x00007ff99fe07000 	C:\Users\damiank\.gradle\native\f6784746aeab05261644944871eae4fe03e0ef1612fff0a4a95f87b438bc6780\windows-amd64\native-platform.dll
0x00007ff99d680000 - 0x00007ff99d68d000 	C:\Program Files\Android\Android Studio\jre\jre\bin\management.dll
0x00007ff9a3ba0000 - 0x00007ff9a3bb8000 	C:\Windows\SYSTEM32\CRYPTSP.dll
0x00007ff9a3310000 - 0x00007ff9a3344000 	C:\Windows\system32\rsaenh.dll
0x00007ff9a4400000 - 0x00007ff9a4427000 	C:\Windows\System32\bcrypt.dll
0x00007ff9a4150000 - 0x00007ff9a417e000 	C:\Windows\SYSTEM32\USERENV.dll
0x00007ff9a4430000 - 0x00007ff9a44b0000 	C:\Windows\System32\bcryptprimitives.dll
0x00007ff9a3c20000 - 0x00007ff9a3c2c000 	C:\Windows\SYSTEM32\CRYPTBASE.dll
0x00007ff9a3660000 - 0x00007ff9a369b000 	C:\Windows\SYSTEM32\IPHLPAPI.DLL
0x00007ff9a5780000 - 0x00007ff9a5788000 	C:\Windows\System32\NSI.dll
0x00007ff99e090000 - 0x00007ff99e0a7000 	C:\Windows\SYSTEM32\dhcpcsvc6.DLL
0x00007ff99e070000 - 0x00007ff99e08d000 	C:\Windows\SYSTEM32\dhcpcsvc.DLL
0x00007ff9a36a0000 - 0x00007ff9a376b000 	C:\Windows\SYSTEM32\DNSAPI.dll
0x00007ff99e140000 - 0x00007ff99e14b000 	C:\Windows\SYSTEM32\WINNSI.DLL
0x00007ff99b350000 - 0x00007ff99b534000 	C:\Windows\SYSTEM32\dbghelp.dll

VM Arguments:
jvm_args: -Xmx2048m -Dfile.encoding=UTF-8 -Duser.country=MX -Duser.language=es -Duser.variant 
java_command: org.gradle.launcher.daemon.bootstrap.GradleDaemon 6.5
java_class_path (initial): C:\Users\damiank\.gradle\wrapper\dists\gradle-6.5-bin\6nifqtx7604sqp1q6g8wikw7p\gradle-6.5\lib\gradle-launcher-6.5.jar
Launcher Type: SUN_STANDARD

Environment Variables:
PATH=C:\Program Files\AdoptOpenJDK\jdk-8.0.265.01-hotspot\bin;C:\Program Files (x86)\Common Files\Oracle\Java\javapath;C:\Windows\system32;C:\Windows;C:\Windows\System32\Wbem;C:\Windows\System32\WindowsPowerShell\v1.0\;C:\Windows\System32\OpenSSH\;C:\Program Files (x86)\Intel\Intel(R) Management Engine Components\DAL;C:\Program Files\Intel\Intel(R) Management Engine Components\DAL;C:\Program Files (x86)\NVIDIA Corporation\PhysX\Common;C:\Program Files\Git\cmd;C:\ProgramData\chocolatey\bin;C:\Users\damiank\AppData\Roaming\local\bin;C:\Users\damiank\AppData\Local\Microsoft\WindowsApps;C:\Users\damiank\AppData\Local\Programs\Microsoft VS Code\bin;C:\Users\damiank\AppData\Roaming\cabal\bin;C:\ProgramData\chocolatey\lib\ghc\tools\ghc-8.10.1\bin;C:\tools\msys64;C:\Users\damiank\AppData\Roaming\npm;C:\Users\damiank\AppData\Roaming\nvm;C:\Program Files\nodejs;C:\Program Files (x86)\Yarn\bin\;C:\Program Files\nodejs\;C:\Program Files\MySQL\MySQL Shell 8.0\bin\;C:\Users\damiank\AppData\Roaming\local\bin;C:\Users\damiank\AppData\Local\Microsoft\WindowsApps;C:\Users\damiank\AppData\Local\Programs\Microsoft VS Code\bin;C:\Users\damiank\AppData\Roaming\cabal\bin;C:\ProgramData\chocolatey\lib\ghc\tools\ghc-8.10.1\bin;C:\tools\msys64;C:\Users\damiank\AppData\Roaming\nvm;C:\Program Files\nodejs;C:\Users\damiank\AppData\Local\Yarn\bin;C:\Users\damiank\AppData\Roaming\npm;C:\Program Files\heroku\bin
USERNAME=damiank
OS=Windows_NT
PROCESSOR_IDENTIFIER=Intel64 Family 6 Model 158 Stepping 10, GenuineIntel



---------------  S Y S T E M  ---------------

OS: Windows 10.0 , 64 bit Build 19041 (10.0.19041.804)

CPU:total 6 (initial active 6) (6 cores per cpu, 1 threads per core) family 6 model 158 stepping 10, cmov, cx8, fxsr, mmx, sse, sse2, sse3, ssse3, sse4.1, sse4.2, popcnt, avx, avx2, aes, clmul, erms, 3dnowpref, lzcnt, tsc, tscinvbit, bmi1, bmi2, adx

Memory: 4k page, physical 16718096k(6209144k free), swap 22223120k(6104852k free)

vm_info: OpenJDK 64-Bit Server VM (25.242-b01) for windows-amd64 JRE (1.8.0_242-release-1644-b01), built by "builder" with MS VC++ 10.0 (VS2010)

time: Mon Mar 29 00:53:32 2021
timezone: Hora estándar de Montevideo
elapsed time: 30 seconds (0d 0h 0m 30s)

